<?xml version="1.0" encoding="utf-8"?><testsuites name="pytest tests"><testsuite name="pytest" errors="0" failures="0" skipped="0" tests="160" time="12.955" timestamp="2026-09-05T13:01:05.566836+02:00" hostname="Pauls-MacBook-Pro-2.local"><testcase classname="tests.core.test_development_audit_regressions" name="test_lossy_recurrences_are_rejected[FREQ=WEEKLY;INTERVAL=2;BYDAY=MO;BYHOUR=9;COUNT=3]" time="0.003" /><testcase classname="tests.core.test_development_audit_regressions" name="test_lossy_recurrences_are_rejected[FREQ=DAILY;UNTIL=20300101T000000Z]" time="0.000" /><testcase classname="tests.core.test_development_audit_regressions" name="test_lossy_recurrences_are_rejected[FREQ=DAILY;BYHOUR=9,17]" time="0.000" /><testcase classname="tests.core.test_development_audit_regressions" name="test_lossy_recurrences_are_rejected[FREQ=MONTHLY;BYDAY=2MO]" time="0.000" /><testcase classname="tests.core.test_development_audit_regressions" name="test_lossy_recurrences_are_rejected[FREQ=YEARLY;BYMONTH=9]" time="0.000" /><testcase classname="tests.core.test_development_audit_regressions" name="test_lossy_recurrences_are_rejected[FREQ=HOURLY;BYMINUTE=15]" time="0.000" /><testcase classname="tests.core.test_development_audit_regressions" name="test_lossy_recurrences_are_rejected[FREQ=DAILY;BYHOUR=24]" time="0.000" /><testcase classname="tests.core.test_development_audit_regressions" name="test_lossy_recurrences_are_rejected[FREQ=DAILY;BYSECOND=30]" time="0.000" /><testcase classname="tests.core.test_development_audit_regressions" name="test_cron_month_day_is_preserved_and_month_filter_is_rejected" time="0.001" /><testcase classname="tests.core.test_development_audit_regressions" name="test_exact_project_wins_and_multiple_project_scopes_are_unresolved" time="0.064" /><testcase classname="tests.core.test_development_audit_regressions" name="test_one_shot_is_claimed_once_and_requires_dispatch_acknowledgement[response0-False]" time="0.067" /><testcase classname="tests.core.test_development_audit_regressions" name="test_one_shot_is_claimed_once_and_requires_dispatch_acknowledgement[response1-True]" time="0.067" /><testcase classname="tests.core.test_development_audit_regressions" name="test_one_shot_is_claimed_once_and_requires_dispatch_acknowledgement[None-False]" time="0.090" /><testcase classname="tests.core.test_development_audit_regressions" name="test_database_commit_failure_cannot_change_the_project_file" time="0.097" /><testcase classname="tests.core.test_development_audit_regressions" name="test_failed_file_projection_recovers_after_the_committed_revision" time="0.077" /><testcase classname="tests.core.test_development_audit_regressions" name="test_recovery_preserves_external_edits_made_after_commit" time="0.078" /><testcase classname="tests.core.test_development_audit_regressions" name="test_discovery_does_not_replace_a_curated_overview" time="0.084" /><testcase classname="tests.core.test_development_audit_regressions" name="test_external_file_import_requires_the_reviewed_hash_and_revision" time="0.077" /><testcase classname="tests.core.test_development_audit_regressions" name="test_missing_file_requires_explicit_restore_and_cannot_overwrite_new_file" time="0.080" /><testcase classname="tests.core.test_development_audit_regressions" name="test_reports_http_route_reads_scoped_records_and_enforces_limit" time="0.184" /><testcase classname="tests.core.test_development_audit_regressions" name="test_restart_pauses_unacknowledged_first_class_and_legacy_dispatches" time="0.072" /><testcase classname="tests.core.test_development_audit_regressions" name="test_dispatch_acknowledgement_preserves_a_concurrent_schedule_edit" time="0.070" /><testcase classname="tests.core.test_automation_hub_contract" name="test_ticket_board_no_longer_exposes_checkin_agent_controls" time="0.002" /><testcase classname="tests.core.test_automation_hub_contract" name="test_scheduled_actions_remain_available_without_a_development_sidebar_entry" time="0.013" /><testcase classname="tests.core.test_automation_hub_contract" name="test_scheduled_task_rows_expose_a_scoped_overflow_menu" time="0.013" /><testcase classname="tests.core.test_automation_hub_contract" name="test_scheduled_task_search_exposes_guarded_bulk_delete" time="0.014" /><testcase classname="tests.core.test_automation_hub_contract" name="test_development_sidebar_exposes_minimal_placeholder_destinations" time="0.013" /><testcase classname="tests.core.test_automation_hub_contract" name="test_automation_instruction_draft_has_a_safe_natural_language_fallback" time="0.001" /><testcase classname="tests.core.test_automation_hub_contract" name="test_automation_instruction_draft_endpoint_returns_an_executable_draft" time="0.008" /><testcase classname="tests.core.test_automation_hub_contract" name="test_automation_hub_is_plain_crud_scheduler_surface" time="0.002" /><testcase classname="tests.core.test_automation_hub_contract" name="test_delete_all_automations_route_uses_bulk_store_operation" time="0.008" /><testcase classname="tests.core.test_automation_hub_contract" name="test_automations_api_create_list_and_run_smoke" time="0.205" /><testcase classname="tests.core.test_automation_hub_contract" name="test_automation_update_merges_source_and_routing_config" time="0.020" /><testcase classname="tests.core.test_automation_hub_contract" name="test_automation_create_rolls_back_if_thread_preparation_fails" time="0.010" /><testcase classname="tests.core.test_automation_hub_contract" name="test_automations_api_accepts_interval_seconds_schedule" time="0.016" /><testcase classname="tests.core.test_automation_hub_contract" name="test_automations_api_normalizes_slash_time_on_save" time="0.011" /><testcase classname="tests.core.test_automation_hub_contract" name="test_automations_api_rejects_invalid_schedule_time" time="0.006" /><testcase classname="tests.core.test_automation_hub_contract" name="test_run_now_dispatches_instruction_to_independent_thread" time="0.022" /><testcase classname="tests.core.test_automation_hub_contract" name="test_linked_development_automation_dispatches_to_harness_not_chat_agent" time="0.021" /><testcase classname="tests.core.test_automation_hub_contract" name="test_scheduled_automation_dispatches_to_independent_thread_not_workflow_agent" time="0.021" /><testcase classname="tests.core.test_automation_hub_contract" name="test_automation_dispatch_does_not_use_current_chat" time="0.028" /><testcase classname="tests.core.test_development_control" name="test_command_queue_is_ordered_editable_and_cancellable" time="0.075" /><testcase classname="tests.core.test_development_control" name="test_command_dispatch_steers_the_active_native_turn_without_a_workflow" time="0.079" /><testcase classname="tests.core.test_development_control" name="test_command_stays_queued_when_no_native_turn_is_active" time="0.070" /><testcase classname="tests.core.test_development_control" name="test_thread_controls_archive_export_and_redacted_snapshot" time="0.102" /><testcase classname="tests.core.test_development_control" name="test_completed_direct_turn_can_be_captured_as_project_local_skill" time="0.077" /><testcase classname="tests.core.test_development_control" name="test_non_completed_direct_turn_cannot_become_a_skill" time="0.067" /><testcase classname="tests.core.test_development_control" name="test_thread_owned_time_can_play_pause_reset_and_auto_pause" time="0.073" /><testcase classname="tests.core.test_development_control" name="test_clear_context_preserves_transcript" time="0.070" /><testcase classname="tests.core.test_development_control" name="test_clear_context_rejects_an_active_direct_agent" time="0.069" /><testcase classname="tests.core.test_development_control" name="test_development_fork_has_independent_ownership_and_does_not_copy_ticket_identity" time="0.074" /><testcase classname="tests.core.test_development_control" name="test_development_delete_removes_the_owned_aggregate" time="0.079" /><testcase classname="tests.core.test_development_control" name="test_delivered_command_does_not_starve_the_next_queued_instruction" time="0.071" /><testcase classname="tests.core.test_development_control" name="test_idle_thread_without_response_stops_accumulating_time" time="0.067" /><testcase classname="tests.core.test_planning_workspace" name="test_board_plan_language_flow_persists_versions_and_project_file" time="0.078" /><testcase classname="tests.core.test_planning_workspace" name="test_plan_save_stops_when_the_managed_file_changed_outside_decisions" time="0.073" /><testcase classname="tests.core.test_planning_workspace" name="test_project_discovery_is_concise_repeatable_and_frack_alias_is_understood" time="0.076" /><testcase classname="tests.core.test_planning_workspace" name="test_plan_home_only_opens_boards_with_a_real_project" time="0.000" /><testcase classname="tests.core.test_planning_workspace" name="test_stale_plan_revision_is_rejected_without_changing_content" time="0.080" /><testcase classname="tests.core.test_planning_workspace" name="test_all_item_instructions_enforce_workspace_ownership[append Foreign text]" time="0.077" /><testcase classname="tests.core.test_planning_workspace" name="test_all_item_instructions_enforce_workspace_ownership[replace with Foreign text]" time="0.079" /><testcase classname="tests.core.test_planning_workspace" name="test_all_item_instructions_enforce_workspace_ownership[rename to Foreign title]" time="0.079" /><testcase classname="tests.core.test_planning_workspace" name="test_editing_approved_content_requires_approval_of_the_new_revision" time="0.082" /><testcase classname="tests.core.test_development_plans" name="test_new_plan_revision_supersedes_the_previous_active_version" time="0.071" /><testcase classname="tests.core.test_development_plans" name="test_plan_transition_enforces_review_before_execution" time="0.079" /><testcase classname="tests.core.test_development_incoming" name="test_development_incoming_returns_whatsapp_and_readable_gmail_threads" time="0.023" /><testcase classname="tests.core.test_development_threads" name="test_integrity_repair_removes_orphans_detaches_links_and_backfills_legacy_rows" time="0.012" /><testcase classname="tests.core.test_development_threads" name="test_ticket_development_thread_is_stable_and_keeps_workflow_identity" time="0.018" /><testcase classname="tests.core.test_development_threads" name="test_development_thread_does_not_replace_active_conversational_chat" time="0.012" /><testcase classname="tests.core.test_development_threads" name="test_external_ticket_identity_is_scoped_by_provider_and_board" time="0.015" /><testcase classname="tests.core.test_development_threads" name="test_open_ended_work_does_not_reuse_a_thread_by_workflow" time="0.009" /><testcase classname="tests.core.test_development_threads" name="test_rebind_updates_authoritative_and_legacy_scope_atomically" time="0.011" /><testcase classname="tests.core.test_development_threads" name="test_rebind_refuses_to_take_another_threads_work_item" time="0.007" /><testcase classname="tests.core.test_development_threads" name="test_rebind_moves_a_thread_from_its_old_ticket_to_an_unowned_ticket" time="0.016" /><testcase classname="tests.core.test_development_threads" name="test_mutable_thread_settings_preserve_board_and_ticket_scope" time="0.003" /><testcase classname="tests.core.test_development_threads" name="test_linking_local_ticket_uses_ticket_title_and_rename_updates_both" time="0.014" /><testcase classname="tests.core.test_development_threads" name="test_linking_a_recent_thread_creates_one_in_progress_ticket_and_moves_it_with_the_board" time="0.016" /><testcase classname="tests.core.test_development_threads" name="test_model_route_is_thread_owned_and_does_not_mutate_reusable_workflow" time="0.005" /><testcase classname="tests.core.test_development_active_execution_projection" name="test_active_execution_projection_merges_workflow_and_direct_development_runs" time="0.030" /><testcase classname="tests.core.test_development_active_execution_projection" name="test_active_execution_projection_globally_sorts_before_limit" time="0.018" /><testcase classname="tests.core.test_development_active_execution_projection" name="test_development_process_cancellation_is_scoped_to_chat" time="0.000" /><testcase classname="tests.core.test_development_active_execution_projection" name="test_active_execution_projection_deduplicates_workflow_owned_chat" time="0.018" /><testcase classname="tests.core.test_development_active_execution_projection" name="test_direct_execution_updates_reconcile_linked_ticket_status" time="0.020" /><testcase classname="tests.core.test_development_active_execution_projection" name="test_workflow_cancel_reconciles_linked_ticket_status" time="0.022" /><testcase classname="tests.core.test_development_active_execution_projection" name="test_workflow_cancel_rejects_run_from_different_workflow" time="0.015" /><testcase classname="tests.core.test_development_harness" name="test_automation_owned_thread_prompt_names_its_control_target" time="0.000" /><testcase classname="tests.core.test_development_harness" name="test_cli_backed_owned_thread_uses_server_bound_schedule_control" time="0.071" /><testcase classname="tests.core.test_development_harness" name="test_owned_automation_schedule_parser_covers_supported_edits" time="0.000" /><testcase classname="tests.core.test_development_harness" name="test_owned_automation_delete_confirmation_expires_rejects_and_clears_on_intervening_turn" time="0.073" /><testcase classname="tests.core.test_development_harness" name="test_direct_development_prompt_uses_ide_harness_without_workflow" time="0.192" /><testcase classname="tests.core.test_development_harness" name="test_ticket_snapshot_keeps_more_than_one_hundred_attached_files" time="0.020" /><testcase classname="tests.core.test_development_harness" name="test_turn_change_manifest_reviews_and_safely_undoes_isolated_files" time="0.484" /><testcase classname="tests.core.test_development_harness" name="test_completed_turn_can_start_a_later_turn_in_the_same_thread" time="0.319" /><testcase classname="tests.core.test_development_harness" name="test_large_multi_phase_thread_request_launches_owned_orchestrator" time="0.072" /><testcase classname="tests.core.test_development_harness" name="test_plan_mode_keeps_the_direct_harness_read_only" time="0.180" /><testcase classname="tests.core.test_development_harness" name="test_direct_development_can_use_native_runtime_without_workflow_identity" time="0.187" /><testcase classname="tests.core.test_development_harness" name="test_project_without_a_folder_gets_an_organized_development_workspace" time="0.077" /><testcase classname="tests.core.test_development_harness" name="test_stale_native_execution_recovers_as_interrupted_after_restart" time="0.071" /><testcase classname="tests.core.test_development_harness" name="test_old_initiative_notice_does_not_hide_preserved_development_result" time="0.000" /><testcase classname="tests.core.test_development_harness" name="test_direct_visual_change_requires_a_real_project_mutation" time="0.000" /><testcase classname="tests.core.test_development_harness" name="test_questions_and_plan_mode_do_not_require_a_project_mutation" time="0.000" /><testcase classname="tests.core.test_development_harness" name="test_auto_development_route_preserves_configured_free_fallback" time="0.000" /><testcase classname="tests.core.test_work_dispatch" name="test_dispatch_prepares_thread_before_starting_run" time="0.000" /><testcase classname="tests.core.test_work_dispatch" name="test_dispatch_never_starts_run_when_thread_preparation_fails" time="0.000" /><testcase classname="tests.core.test_workflow_execution_mode" name="test_high_complexity_multi_phase_instruction_uses_workflow" time="0.000" /><testcase classname="tests.core.test_workflow_execution_mode" name="test_explicit_direct_override_wins" time="0.000" /><testcase classname="tests.core.test_workflow_execution_mode" name="test_infrastructure_skills_are_available_to_every_step" time="0.000" /><testcase classname="tests.core.test_workflow_studio_task_api" name="test_studio_incoming_route_is_registered_and_returns_channel_data" time="0.228" /><testcase classname="tests.core.test_workflow_studio_task_api" name="test_studio_attachment_is_bounded_and_returns_harness_readable_path" time="0.106" /><testcase classname="tests.core.test_workflow_studio_task_api" name="test_studio_attachment_accepts_video_as_a_normal_file" time="0.104" /><testcase classname="tests.core.test_workflow_studio_task_api" name="test_studio_auto_routing_assessment_escalates_failures_and_vision_work" time="0.225" /><testcase classname="tests.core.test_workflow_studio_task_api" name="test_studio_auto_routing_assessment_keeps_small_copy_edit_low" time="0.106" /><testcase classname="tests.core.test_workflow_studio_task_api" name="test_studio_direct_execution_state_and_stop_are_thread_scoped" time="0.107" /><testcase classname="tests.core.test_workflow_studio_task_api" name="test_studio_development_lifecycle_routes_are_thread_scoped" time="0.103" /><testcase classname="tests.core.test_workflow_studio_task_api" name="test_studio_change_review_and_undo_are_thread_scoped" time="0.236" /><testcase classname="tests.core.test_workflow_studio_task_api" name="test_studio_task_creates_thread_and_starts_direct_ide_harness" time="0.105" /><testcase classname="tests.core.test_workflow_studio_task_api" name="test_studio_task_with_explicit_workflow_dispatches_the_workflow_runner" time="0.108" /><testcase classname="tests.core.test_workflow_studio_task_api" name="test_studio_plan_only_uses_the_direct_agent_harness" time="0.103" /><testcase classname="tests.core.test_workflow_studio_task_api" name="test_studio_thread_edit_rebinds_ticket_scope" time="0.238" /><testcase classname="tests.core.test_workflow_studio_task_api" name="test_studio_thread_rename_preserves_ticket_scope" time="0.106" /><testcase classname="tests.core.test_workflow_studio_task_api" name="test_existing_development_thread_message_resumes_direct_harness_not_workflow" time="0.104" /><testcase classname="tests.core.test_workflow_studio_task_api" name="test_existing_thread_message_uses_its_explicit_workflow" time="0.230" /><testcase classname="tests.core.test_workflow_studio_task_api" name="test_workflow_thread_copies_project_id_before_its_session_closes" time="0.107" /><testcase classname="tests.core.test_workflow_studio_task_api" name="test_existing_plan_only_thread_resumes_the_direct_read_only_agent" time="0.103" /><testcase classname="tests.core.test_workflow_studio_task_api" name="test_ordinary_chat_cannot_start_development_harness" time="0.104" /><testcase classname="tests.core.test_workflow_studio_task_api" name="test_studio_task_rejects_invalid_execution_contract" time="0.237" /><testcase classname="tests.core.test_workflow_studio_task_api" name="test_studio_control_state_exposes_safe_telegram_and_pending_interaction" time="0.109" /><testcase classname="tests.core.test_workflow_studio_task_api" name="test_studio_web_resolution_uses_the_same_durable_interaction" time="0.103" /><testcase classname="tests.core.test_workflow_studio_artifacts" name="test_seed_studio_artifacts_creates_durable_planning_bundle" time="0.017" /><testcase classname="tests.core.test_scheduled_automation_imports_and_threads" name="test_codex_rrule_translation_preserves_time_timezone_and_weekdays" time="0.001" /><testcase classname="tests.core.test_scheduled_automation_imports_and_threads" name="test_import_is_idempotent_and_preserves_existing_decisions_edits" time="0.002" /><testcase classname="tests.core.test_scheduled_automation_imports_and_threads" name="test_import_route_can_update_existing_tasks_without_duplicates" time="0.002" /><testcase classname="tests.core.test_scheduled_automation_imports_and_threads" name="test_clock_trigger_creates_independent_thread_and_test_cleans_it_up" time="0.021" /><testcase classname="tests.core.test_terminal_overview_control" name="test_terminal_control_lists_projects_and_saves_explicit_command_lines" time="0.006" /><testcase classname="tests.core.test_terminal_overview_control" name="test_terminal_control_start_and_stop_use_explicit_project" time="0.002" /><testcase classname="tests.core.test_board_project_unification" name="test_projects_navigation_is_replaced_by_the_development_board_surface" time="0.011" /><testcase classname="tests.core.test_board_project_unification" name="test_board_crud_owns_the_project_folder_and_terminal_commands" time="0.138" /><testcase classname="tests.core.test_board_project_unification" name="test_board_delete_can_optionally_remove_only_the_exact_repository" time="0.122" /><testcase classname="tests.core.test_board_project_unification" name="test_board_delete_cascades_its_ticket_thread_time_and_snapshot_files" time="0.265" /><testcase classname="tests.core.test_board_project_unification" name="test_board_delete_removes_board_automation_thread_and_plan_workspace" time="0.130" /><testcase classname="tests.core.test_board_project_unification" name="test_ticket_delete_can_also_delete_its_linked_thread" time="0.127" /><testcase classname="tests.core.test_board_project_unification" name="test_ticket_delete_can_preserve_and_detach_its_linked_thread" time="0.127" /><testcase classname="tests.core.test_board_project_unification" name="test_local_ticket_thread_draft_copies_attachments_without_starting_work" time="0.122" /><testcase classname="tests.core.test_board_project_unification" name="test_jira_ticket_thread_draft_downloads_files_and_writes_comments" time="0.002" /><testcase classname="tests.core.test_development_drop_zones" name="test_development_drop_targets_are_scoped_to_sidebar_and_composer" time="0.013" /><testcase classname="tests.core.test_development_drop_zones" name="test_development_drop_feedback_and_capability_gate_are_wired" time="0.003" /><testcase classname="tests.core.test_development_execution_menu_contract" name="test_workflows_execution_menu_exposes_open_ticket_respond_and_kind_routed_cancel" time="0.003" /><testcase classname="tests.core.test_development_execution_menu_contract" name="test_kanban_execution_menu_exposes_open_ticket_respond_and_kind_routed_cancel" time="0.001" /><testcase classname="tests.core.test_development_execution_menu_contract" name="test_kanban_list_rows_surface_active_execution_badges" time="0.000" /><testcase classname="tests.core.test_development_execution_menu_contract" name="test_kanban_reapplies_active_execution_badges_after_every_board_render" time="0.000" /><testcase classname="tests.core.test_development_execution_menu_contract" name="test_kanban_updates_every_retained_ticket_view_and_guards_stale_popovers" time="0.000" /><testcase classname="tests.core.test_development_kanban_parity" name="test_development_kanban_exposes_legacy_board_and_ticket_controls" time="0.014" /><testcase classname="tests.core.test_development_kanban_parity" name="test_legacy_ticket_pages_redirect_into_development" time="0.430" /><testcase classname="tests.core.test_channel_automations" name="test_channel_automation_draft_distinguishes_event_trigger_from_schedule" time="0.001" /><testcase classname="tests.core.test_channel_automations" name="test_fallback_draft_does_not_turn_tomorrow_into_daily_recurrence" time="0.000" /><testcase classname="tests.core.test_channel_automations" name="test_fallback_draft_recognizes_every_named_weekday" time="0.000" /><testcase classname="tests.core.test_channel_automations" name="test_matching_channel_automation_dispatches_only_the_selected_source" time="0.000" /><testcase classname="tests.core.test_channel_automations" name="test_telegram_channel_automation_preserves_telegram_reply_origin" time="0.000" /><testcase classname="tests.core.test_channel_automations" name="test_channel_message_runs_as_read_only_typed_attachment" time="0.024" /><testcase classname="tests.core.test_channel_automations" name="test_untrusted_channel_snapshot_is_size_bounded" time="0.001" /></testsuite></testsuites>