<?xml version="1.0" encoding="utf-8"?><testsuites name="pytest tests"><testsuite name="pytest" errors="0" failures="0" skipped="0" tests="94" time="84.950" timestamp="2026-09-05T13:03:38.114996+02:00" hostname="Pauls-MacBook-Pro-2.local"><testcase classname="tests.ui.test_development_harness_playwright" name="test_recents_section_is_hidden_when_no_recent_threads_exist[chromium]" time="0.743" /><testcase classname="tests.ui.test_development_harness_playwright" name="test_recents_section_appears_when_an_open_ended_thread_exists[chromium]" time="0.185" /><testcase classname="tests.ui.test_development_harness_playwright" name="test_board_linked_projectless_thread_is_not_duplicated_in_recents[chromium]" time="0.199" /><testcase classname="tests.ui.test_development_harness_playwright" name="test_new_thread_wins_over_a_stale_thread_load[chromium]" time="0.687" /><testcase classname="tests.ui.test_development_harness_playwright" name="test_thread_composer_waits_for_the_url_thread_before_submitting[chromium]" time="0.940" /><testcase classname="tests.ui.test_development_harness_playwright" name="test_tray_deep_links_open_board_views_and_automations[chromium]" time="1.048" /><testcase classname="tests.ui.test_development_harness_playwright" name="test_development_navigation_uses_clean_urls_and_restores_history[chromium]" time="1.326" /><testcase classname="tests.ui.test_development_harness_playwright" name="test_terminal_route_is_painted_before_slow_shell_hydration[chromium]" time="0.608" /><testcase classname="tests.ui.test_development_harness_playwright" name="test_enter_on_last_populated_command_prepares_the_next_terminal_line[chromium]" time="0.223" /><testcase classname="tests.ui.test_development_harness_playwright" name="test_command_toolbar_copies_and_pastes_the_full_list_between_projects[chromium]" time="0.499" /><testcase classname="tests.ui.test_development_harness_playwright" name="test_running_terminals_use_tabs_instead_of_a_vertical_stack[chromium]" time="0.430" /><testcase classname="tests.ui.test_development_harness_playwright" name="test_terminal_viewport_is_compact_and_http_links_open_in_a_new_tab[chromium]" time="0.269" /><testcase classname="tests.ui.test_development_harness_playwright" name="test_terminal_project_cards_show_every_command_and_control_processes[chromium]" time="0.405" /><testcase classname="tests.ui.test_development_harness_playwright" name="test_web_terminal_surfaces_follow_external_tray_state_changes[chromium]" time="5.013" /><testcase classname="tests.ui.test_development_harness_playwright" name="test_terminal_stop_never_uses_an_animated_pending_icon[chromium]" time="0.214" /><testcase classname="tests.ui.test_development_harness_playwright" name="test_stopping_one_terminal_card_keeps_other_cards_and_stops_shell_sessions[chromium]" time="0.390" /><testcase classname="tests.ui.test_development_harness_playwright" name="test_failed_terminal_start_restores_a_stable_play_icon[chromium]" time="0.339" /><testcase classname="tests.ui.test_development_harness_playwright" name="test_development_never_restores_or_opens_an_ordinary_chat[chromium]" time="0.461" /><testcase classname="tests.ui.test_development_harness_playwright" name="test_sidebar_hover_highlights_the_complete_row_without_boxing_the_add_action[chromium]" time="0.334" /><testcase classname="tests.ui.test_development_harness_playwright" name="test_desktop_controls_are_real_and_contextual[chromium]" time="2.907" /><testcase classname="tests.ui.test_development_harness_playwright" name="test_custom_board_picker_exposes_decisions_jira_and_trello[chromium]" time="0.441" /><testcase classname="tests.ui.test_development_harness_playwright" name="test_mobile_drawers_and_tap_targets[chromium]" time="0.900" /><testcase classname="tests.ui.test_development_harness_playwright" name="test_mobile_placeholder_navigation_fits_without_horizontal_overflow[chromium]" time="1.207" /><testcase classname="tests.ui.test_development_harness_playwright" name="test_web_and_telegram_share_the_pending_run_control[chromium]" time="0.433" /><testcase classname="tests.ui.test_development_harness_playwright" name="test_run_mode_and_contextual_automation_are_functional[chromium]" time="0.789" /><testcase classname="tests.ui.test_development_harness_playwright" name="test_scheduled_actions_support_ai_first_unlinked_creation[chromium]" time="1.663" /><testcase classname="tests.ui.test_development_harness_playwright" name="test_scheduled_task_three_dot_menu_controls_exact_row[chromium]" time="1.577" /><testcase classname="tests.ui.test_development_harness_playwright" name="test_scheduled_import_is_polished_and_duplicate_safe[chromium]" time="1.402" /><testcase classname="tests.ui.test_development_harness_playwright" name="test_live_agent_tool_changes_and_evidence_are_visible_without_empty_tabs[chromium]" time="1.328" /><testcase classname="tests.ui.test_development_harness_playwright" name="test_completed_run_removes_stale_working_status[chromium]" time="7.152" /><testcase classname="tests.ui.test_development_harness_playwright" name="test_direct_development_agent_is_not_misrepresented_as_a_workflow[chromium]" time="0.603" /><testcase classname="tests.ui.test_development_harness_playwright" name="test_completed_direct_thread_message_dispatches_without_a_workflow[chromium]" time="0.646" /><testcase classname="tests.ui.test_development_harness_playwright" name="test_direct_thread_with_stale_workflow_never_sends_uuid_as_run_id[chromium]" time="0.378" /><testcase classname="tests.ui.test_development_harness_playwright" name="test_structured_submission_error_is_readable[chromium]" time="0.325" /><testcase classname="tests.ui.test_development_harness_playwright" name="test_completed_direct_turn_refreshes_the_assistant_response[chromium]" time="7.152" /><testcase classname="tests.ui.test_development_harness_playwright" name="test_initializing_direct_turn_immediately_shows_thinking_status[chromium]" time="0.285" /><testcase classname="tests.ui.test_development_harness_playwright" name="test_native_stream_renders_partial_response_and_runtime_activity[chromium]" time="0.279" /><testcase classname="tests.ui.test_development_harness_playwright" name="test_board_thread_alignment_and_hover_states_are_compact[chromium]" time="0.365" /><testcase classname="tests.ui.test_development_harness_playwright" name="test_ticket_picker_is_dynamic_and_thread_scope_locks_after_creation[chromium]" time="0.677" /><testcase classname="tests.ui.test_development_harness_playwright" name="test_board_click_falls_back_to_new_thread_when_kanban_is_unavailable[chromium]" time="0.247" /><testcase classname="tests.ui.test_development_harness_playwright" name="test_active_run_keeps_internal_diagnostics_out_and_supports_durable_guidance[chromium]" time="0.583" /><testcase classname="tests.ui.test_development_harness_playwright" name="test_compact_actions_workflows_provider_groups_and_board_linking[chromium]" time="1.936" /><testcase classname="tests.ui.test_development_harness_playwright" name="test_workflow_stop_reconciles_without_a_permanent_spinner[chromium]" time="0.369" /><testcase classname="tests.ui.test_development_harness_playwright" name="test_workflows_three_dot_menu_routes_direct_waiting_execution[chromium]" time="0.247" /><testcase classname="tests.ui.test_development_harness_playwright" name="test_workflows_three_dot_menu_routes_workflow_cancel[chromium]" time="0.262" /><testcase classname="tests.ui.test_development_harness_playwright" name="test_thread_workflow_picker_links_and_unlinks_an_idle_thread[chromium]" time="0.586" /><testcase classname="tests.ui.test_development_harness_playwright" name="test_workflow_cards_and_editor_are_responsive[chromium]" time="1.460" /><testcase classname="tests.ui.test_development_harness_playwright" name="test_board_actions_and_thread_owned_time_are_operable[chromium]" time="1.670" /><testcase classname="tests.ui.test_development_harness_playwright" name="test_board_context_can_start_stopped_project_terminals[chromium]" time="0.266" /><testcase classname="tests.ui.test_development_harness_playwright" name="test_started_terminal_workspace_stays_visible_through_shell_polling[chromium]" time="6.901" /><testcase classname="tests.ui.test_development_harness_playwright" name="test_discovered_processes_are_compact_and_stop_all_reaches_them[chromium]" time="0.381" /><testcase classname="tests.ui.test_development_harness_playwright" name="test_managed_terminal_child_is_not_repeated_as_a_detected_process[chromium]" time="0.283" /><testcase classname="tests.ui.test_development_harness_playwright" name="test_thread_context_toggles_its_project_terminals[chromium-False-Start Terminals-start]" time="0.280" /><testcase classname="tests.ui.test_development_harness_playwright" name="test_external_kanban_moves_use_cache_and_refresh_only_on_request[chromium]" time="0.663" /><testcase classname="tests.ui.test_development_harness_playwright" name="test_local_ticket_delete_is_left_aligned_and_requires_confirmation[chromium]" time="0.955" /><testcase classname="tests.ui.test_development_harness_playwright" name="test_ticket_delete_checkbox_can_preserve_the_linked_thread[chromium]" time="0.395" /><testcase classname="tests.ui.test_development_harness_playwright" name="test_ticket_material_creates_a_reviewable_thread_draft_without_submitting[chromium]" time="0.600" /><testcase classname="tests.ui.test_development_harness_playwright" name="test_incoming_channels_automation_rules_and_step_models_are_operable[chromium]" time="1.671" /><testcase classname="tests.ui.test_development_harness_playwright" name="test_incoming_snapshot_reports_progress_before_the_server_finishes[chromium]" time="0.362" /><testcase classname="tests.ui.test_development_harness_playwright" name="test_incoming_google_reconnect_starts_oauth_and_returns_to_incoming[chromium]" time="0.265" /><testcase classname="tests.ui.test_development_harness_playwright" name="test_running_thread_timer_uses_server_snapshot_without_timezone_double_count[chromium]" time="0.177" /><testcase classname="tests.ui.test_development_harness_playwright" name="test_playwright_is_a_per_prompt_browser_flag_not_an_injected_skill[chromium]" time="0.470" /><testcase classname="tests.ui.test_development_harness_playwright" name="test_prompt_skills_are_structured_icons_and_do_not_bloat_the_user_message[chromium]" time="0.660" /><testcase classname="tests.ui.test_development_harness_playwright" name="test_legacy_generated_skill_instructions_render_as_an_icon[chromium]" time="0.282" /><testcase classname="tests.ui.test_development_harness_playwright" name="test_auto_routing_is_visible_and_manual_image_incompatibility_blocks_send[chromium]" time="0.424" /><testcase classname="tests.ui.test_development_harness_playwright" name="test_thread_context_lifecycle_and_task_details_stay_operable[chromium]" time="0.680" /><testcase classname="tests.ui.test_development_harness_playwright" name="test_artifact_review_is_operable[chromium]" time="0.425" /><testcase classname="tests.ui.test_development_harness_playwright" name="test_plan_goal_views_and_thread_context_menu_are_operable[chromium]" time="0.504" /><testcase classname="tests.ui.test_development_harness_playwright" name="test_goal_tab_only_appears_for_goal_mode[chromium]" time="0.263" /><testcase classname="tests.ui.test_development_harness_playwright" name="test_thread_destructive_controls_are_guarded_and_operable[chromium]" time="0.411" /><testcase classname="tests.ui.test_development_harness_playwright" name="test_assistant_results_render_as_readable_markdown[chromium]" time="0.301" /><testcase classname="tests.ui.test_development_harness_playwright" name="test_completed_turns_keep_codex_style_collapsible_activity[chromium]" time="0.746" /><testcase classname="tests.ui.test_development_harness_playwright" name="test_url_activity_is_single_and_clickable[chromium]" time="0.650" /><testcase classname="tests.ui.test_development_harness_playwright" name="test_durable_activity_replaces_matching_legacy_tool_message[chromium]" time="0.278" /><testcase classname="tests.ui.test_development_harness_playwright" name="test_ticket_lane_notices_render_as_compact_status_events[chromium]" time="0.376" /><testcase classname="tests.ui.test_development_harness_playwright" name="test_missing_turn_duration_does_not_render_fake_zero_time[chromium]" time="0.283" /><testcase classname="tests.ui.test_development_harness_playwright" name="test_compact_response_actions_and_change_review_are_operable[chromium]" time="1.283" /><testcase classname="tests.ui.test_development_harness_playwright" name="test_responsive_layout_has_no_overflow_or_unnamed_controls[chromium-375-812-compact]" time="0.231" /><testcase classname="tests.ui.test_development_harness_playwright" name="test_file_drop_is_scoped_to_composer_and_renders_image_preview[chromium]" time="0.403" /><testcase classname="tests.ui.test_development_harness_playwright" name="test_folder_drop_on_sidebar_registers_board_and_project[chromium]" time="0.496" /><testcase classname="tests.ui.test_development_harness_playwright" name="test_image_drop_turns_red_for_a_model_without_vision[chromium]" time="0.463" /><testcase classname="tests.ui.test_development_modules_playwright" name="test_failed_plan_save_blocks_item_and_sidebar_navigation[chromium]" time="0.270" /><testcase classname="tests.ui.test_development_modules_playwright" name="test_board_plan_wins_over_delayed_home_and_mobile_can_select_second_item[chromium]" time="0.997" /><testcase classname="tests.ui.test_development_modules_playwright" name="test_failed_optional_connector_does_not_blank_local_catalog[chromium]" time="0.193" /><testcase classname="tests.ui.test_development_modules_playwright" name="test_feature_views_are_independent_and_render_without_script_errors[chromium-1440-900]" time="1.048" /><testcase classname="tests.ui.test_development_modules_playwright" name="test_slow_thread_load_cannot_reopen_chat_after_switching_to_plan[chromium]" time="1.065" /><testcase classname="tests.ui.test_development_modules_playwright" name="test_file_review_and_reports_have_independent_actions[chromium-1440-900]" time="0.756" /><testcase classname="tests.ui.test_development_modules_playwright" name="test_empty_workflow_cannot_be_started_from_the_library[chromium]" time="0.182" /><testcase classname="tests.ui.test_development_modules_playwright" name="test_restoring_missing_plan_file_keeps_unsaved_editor_draft[chromium]" time="0.550" /><testcase classname="tests.ui.test_development_harness_playwright" name="test_thread_context_toggles_its_project_terminals[chromium-True-Stop Terminals-stop]" time="0.279" /><testcase classname="tests.ui.test_development_harness_playwright" name="test_responsive_layout_has_no_overflow_or_unnamed_controls[chromium-768-900-tablet]" time="0.247" /><testcase classname="tests.ui.test_development_modules_playwright" name="test_feature_views_are_independent_and_render_without_script_errors[chromium-390-844]" time="3.188" /><testcase classname="tests.ui.test_development_modules_playwright" name="test_file_review_and_reports_have_independent_actions[chromium-390-844]" time="0.764" /><testcase classname="tests.ui.test_development_harness_playwright" name="test_responsive_layout_has_no_overflow_or_unnamed_controls[chromium-1440-900-desktop]" time="0.316" /></testsuite></testsuites>